** Daemonized, any open files are closed.  Look at log/mongrel.pid and log/mongrel.log for info.
** Starting Mongrel listening at 0.0.0.0:3000
** Starting Rails with development environment...
** Rails loaded.
** Loading any Rails specific GemPlugins
** Signals ready.  TERM => stop.  USR2 => restart.  INT => stop (no restart).
** Rails signals registered.  HUP => reload (without restart).  It might not work well.
** Mongrel 1.1.5 available at 0.0.0.0:3000
** Writing PID file to log/mongrel.pid
/home/eriks/postgresql_tool/app/controllers/content_tool_controller.rb:14: warning: don't put space before argument parentheses
/home/eriks/postgresql_tool/app/controllers/content_tool_controller.rb:82: warning: don't put space before argument parentheses
/home/eriks/postgresql_tool/app/controllers/content_tool_controller.rb:390: warning: don't put space before argument parentheses
/home/eriks/postgresql_tool/app/controllers/content_tool_controller.rb:14: warning: don't put space before argument parentheses
/home/eriks/postgresql_tool/app/controllers/content_tool_controller.rb:82: warning: don't put space before argument parentheses
/home/eriks/postgresql_tool/app/controllers/content_tool_controller.rb:390: warning: don't put space before argument parentheses
/home/eriks/postgresql_tool/app/views/content_tool/_db_browser.html.erb:5: warning: don't put space before argument parentheses
/home/eriks/postgresql_tool/app/views/content_tool/_db_browser.html.erb:15: warning: don't put space before argument parentheses
/home/eriks/postgresql_tool/app/views/content_tool/_db_browser.html.erb:17: warning: don't put space before argument parentheses
/home/eriks/postgresql_tool/app/controllers/content_tool_controller.rb:14: warning: don't put space before argument parentheses
/home/eriks/postgresql_tool/app/controllers/content_tool_controller.rb:82: warning: don't put space before argument parentheses
/home/eriks/postgresql_tool/app/controllers/content_tool_controller.rb:390: warning: don't put space before argument parentheses
/home/eriks/postgresql_tool/app/controllers/content_tool_controller.rb:14: warning: don't put space before argument parentheses
/home/eriks/postgresql_tool/app/controllers/content_tool_controller.rb:82: warning: don't put space before argument parentheses
/home/eriks/postgresql_tool/app/controllers/content_tool_controller.rb:390: warning: don't put space before argument parentheses
/home/eriks/postgresql_tool/app/controllers/content_tool_controller.rb:14: warning: don't put space before argument parentheses
/home/eriks/postgresql_tool/app/controllers/content_tool_controller.rb:82: warning: don't put space before argument parentheses
/home/eriks/postgresql_tool/app/controllers/content_tool_controller.rb:390: warning: don't put space before argument parentheses
/home/eriks/postgresql_tool/app/controllers/content_tool_controller.rb:14: warning: don't put space before argument parentheses
/home/eriks/postgresql_tool/app/controllers/content_tool_controller.rb:82: warning: don't put space before argument parentheses
/home/eriks/postgresql_tool/app/controllers/content_tool_controller.rb:390: warning: don't put space before argument parentheses
/home/eriks/postgresql_tool/app/controllers/content_tool_controller.rb:14: warning: don't put space before argument parentheses
/home/eriks/postgresql_tool/app/controllers/content_tool_controller.rb:82: warning: don't put space before argument parentheses
/home/eriks/postgresql_tool/app/controllers/content_tool_controller.rb:390: warning: don't put space before argument parentheses
/home/eriks/postgresql_tool/app/controllers/content_tool_controller.rb:14: warning: don't put space before argument parentheses
/home/eriks/postgresql_tool/app/controllers/content_tool_controller.rb:82: warning: don't put space before argument parentheses
/home/eriks/postgresql_tool/app/controllers/content_tool_controller.rb:390: warning: don't put space before argument parentheses
/home/eriks/postgresql_tool/app/controllers/content_tool_controller.rb:14: warning: don't put space before argument parentheses
/home/eriks/postgresql_tool/app/controllers/content_tool_controller.rb:82: warning: don't put space before argument parentheses
/home/eriks/postgresql_tool/app/controllers/content_tool_controller.rb:390: warning: don't put space before argument parentheses
/home/eriks/postgresql_tool/app/controllers/content_tool_controller.rb:14: warning: don't put space before argument parentheses
/home/eriks/postgresql_tool/app/controllers/content_tool_controller.rb:82: warning: don't put space before argument parentheses
/home/eriks/postgresql_tool/app/controllers/content_tool_controller.rb:390: warning: don't put space before argument parentheses
/home/eriks/postgresql_tool/app/controllers/content_tool_controller.rb:14: warning: don't put space before argument parentheses
/home/eriks/postgresql_tool/app/controllers/content_tool_controller.rb:82: warning: don't put space before argument parentheses
/home/eriks/postgresql_tool/app/controllers/content_tool_controller.rb:390: warning: don't put space before argument parentheses
/home/eriks/postgresql_tool/app/controllers/content_tool_controller.rb:14: warning: don't put space before argument parentheses
/home/eriks/postgresql_tool/app/controllers/content_tool_controller.rb:82: warning: don't put space before argument parentheses
/home/eriks/postgresql_tool/app/controllers/content_tool_controller.rb:390: warning: don't put space before argument parentheses
/home/eriks/postgresql_tool/app/controllers/content_tool_controller.rb:14: warning: don't put space before argument parentheses
/home/eriks/postgresql_tool/app/controllers/content_tool_controller.rb:82: warning: don't put space before argument parentheses
/home/eriks/postgresql_tool/app/controllers/content_tool_controller.rb:390: warning: don't put space before argument parentheses
/home/eriks/postgresql_tool/app/controllers/content_tool_controller.rb:14: warning: don't put space before argument parentheses
/home/eriks/postgresql_tool/app/controllers/content_tool_controller.rb:82: warning: don't put space before argument parentheses
/home/eriks/postgresql_tool/app/controllers/content_tool_controller.rb:390: warning: don't put space before argument parentheses
/home/eriks/postgresql_tool/app/controllers/content_tool_controller.rb:14: warning: don't put space before argument parentheses
/home/eriks/postgresql_tool/app/controllers/content_tool_controller.rb:82: warning: don't put space before argument parentheses
/home/eriks/postgresql_tool/app/controllers/content_tool_controller.rb:390: warning: don't put space before argument parentheses
/home/eriks/postgresql_tool/app/controllers/content_tool_controller.rb:14: warning: don't put space before argument parentheses
/home/eriks/postgresql_tool/app/controllers/content_tool_controller.rb:82: warning: don't put space before argument parentheses
/home/eriks/postgresql_tool/app/controllers/content_tool_controller.rb:390: warning: don't put space before argument parentheses
/home/eriks/postgresql_tool/app/controllers/content_tool_controller.rb:14: warning: don't put space before argument parentheses
/home/eriks/postgresql_tool/app/controllers/content_tool_controller.rb:82: warning: don't put space before argument parentheses
/home/eriks/postgresql_tool/app/controllers/content_tool_controller.rb:390: warning: don't put space before argument parentheses
** TERM signal received.
